<?xml version="1.0" encoding="UTF-8"?>
<!-- Generated by org.testng.reporters.JUnitReportReporter -->
<testsuite skipped="0" hostname="Allans-MacBook-Pro.local" name="framework.test.CreateNewUserTestHappyPath" tests="1" failures="0" timestamp="2020-07-04T21:15:44 PHT" time="23.082" errors="0">
  <testcase name="test" time="23.082" classname="framework.test.CreateNewUserTestHappyPath"/>
  <system-out/>
</testsuite> <!-- framework.test.CreateNewUserTestHappyPath -->
