<?xml version="1.0" encoding="UTF-8"?>
<!-- Generated by org.testng.reporters.JUnitReportReporter -->
<testsuite hostname="Allans-MacBook-Pro.local" failures="0" tests="1" name="framework.test.Login" time="43.172" errors="0" timestamp="4 Jul 2020 02:57:23 GMT">
  <testcase classname="framework.test.Login" name="test" time="43.172"/>
</testsuite> <!-- framework.test.Login -->
