<?xml version="1.0" encoding="UTF-8"?>
<!-- Generated by org.testng.reporters.JUnitReportReporter -->
<testsuite hostname="Allans-MacBook-Pro.local" failures="0" tests="1" name="framework.test.Login" time="33.086" errors="0" timestamp="2 Jul 2020 04:37:00 GMT">
  <testcase classname="framework.test.Login" name="test" time="33.086"/>
</testsuite> <!-- framework.test.Login -->
