<?xml version="1.0" encoding="UTF-8"?>
<!-- Generated by org.testng.reporters.JUnitReportReporter -->
<testsuite skipped="0" hostname="Allans-MacBook-Pro.local" name="framework.test.PasswordResetValidate" tests="1" failures="0" timestamp="2020-07-04T21:15:44 PHT" time="19.553" errors="0">
  <testcase name="test" time="19.553" classname="framework.test.PasswordResetValidate"/>
  <system-out/>
</testsuite> <!-- framework.test.PasswordResetValidate -->
