<?xml version="1.0" encoding="UTF-8"?>
<!-- Generated by org.testng.reporters.JUnitReportReporter -->
<testsuite hostname="Allans-MacBook-Pro.local" name="framework.test.WrongUsername" tests="1" failures="0" timestamp="4 Jul 2020 12:44:38 GMT" time="14.546" errors="0">
  <testcase name="test" time="14.546" classname="framework.test.WrongUsername"/>
</testsuite> <!-- framework.test.WrongUsername -->
