<?xml version="1.0" encoding="UTF-8"?>
<!-- Generated by org.testng.reporters.JUnitReportReporter -->
<testsuite hostname="Allans-MacBook-Pro.local" name="framework.test.CreateNewUserTest" tests="1" failures="0" timestamp="4 Jul 2020 08:42:07 GMT" time="6.750" errors="0">
  <testcase name="test" time="6.750" classname="framework.test.CreateNewUserTest"/>
</testsuite> <!-- framework.test.CreateNewUserTest -->
