<?xml version="1.0" encoding="UTF-8"?>
<!-- Generated by org.testng.reporters.JUnitReportReporter -->
<testsuite hostname="Allans-MacBook-Pro.local" name="framework.test.CreateNewUserTestHappyPath" tests="1" failures="0" timestamp="4 Jul 2020 11:42:50 GMT" time="9.229" errors="0">
  <testcase name="test" time="9.229" classname="framework.test.CreateNewUserTestHappyPath"/>
</testsuite> <!-- framework.test.CreateNewUserTestHappyPath -->
