<?xml version="1.0" encoding="UTF-8"?>
<!-- Generated by org.testng.reporters.JUnitReportReporter -->
<testsuite skipped="0" hostname="Allans-MacBook-Pro.local" name="framework.test.TestLinks" tests="1" failures="0" timestamp="2020-07-04T22:28:46 PHT" time="19.225" errors="0">
  <testcase name="test" time="19.225" classname="framework.test.TestLinks"/>
  <system-out/>
</testsuite> <!-- framework.test.TestLinks -->
