<?xml version="1.0" encoding="UTF-8"?>
<!-- Generated by org.testng.reporters.JUnitReportReporter -->
<testsuite hostname="Allans-MacBook-Pro.local" name="framework.test.CreateNewUserTestPersonalAccountLink" tests="1" failures="0" timestamp="4 Jul 2020 11:16:48 GMT" time="3.716" errors="0">
  <testcase name="test" time="3.716" classname="framework.test.CreateNewUserTestPersonalAccountLink"/>
</testsuite> <!-- framework.test.CreateNewUserTestPersonalAccountLink -->
