<?xml version="1.0" encoding="UTF-8"?>
<!-- Generated by org.testng.reporters.JUnitReportReporter -->
<testsuite hostname="Allans-MacBook-Pro.local" name="framework.test.Login" tests="1" failures="0" timestamp="4 Jul 2020 12:44:38 GMT" time="29.862" errors="0">
  <testcase name="test" time="29.862" classname="framework.test.Login"/>
</testsuite> <!-- framework.test.Login -->
