<?xml version="1.0" encoding="UTF-8"?>
<!-- Generated by org.testng.reporters.JUnitReportReporter -->
<testsuite skipped="0" hostname="Allans-MacBook-Pro.local" name="framework.test.CreateNewUserTestPersonalAccountLink" tests="1" failures="0" timestamp="2020-07-04T22:09:23 PHT" time="5.751" errors="0">
  <testcase name="test" time="5.751" classname="framework.test.CreateNewUserTestPersonalAccountLink"/>
  <system-out/>
</testsuite> <!-- framework.test.CreateNewUserTestPersonalAccountLink -->
