<?xml version="1.0" encoding="UTF-8"?>
<!-- Generated by org.testng.reporters.JUnitReportReporter -->
<testsuite hostname="Allans-MacBook-Pro.local" failures="0" tests="1" name="framework.test.Login" time="41.273" errors="0" timestamp="4 Jul 2020 01:58:59 GMT">
  <testcase classname="framework.test.Login" name="test" time="41.273"/>
</testsuite> <!-- framework.test.Login -->
