<?xml version="1.0" encoding="UTF-8"?>
<!-- Generated by org.testng.reporters.JUnitReportReporter -->
<testsuite hostname="Allans-MacBook-Pro.local" name="framework.test.TestLinks" tests="1" failures="0" timestamp="4 Jul 2020 11:16:48 GMT" time="20.587" errors="0">
  <testcase name="test" time="20.587" classname="framework.test.TestLinks"/>
</testsuite> <!-- framework.test.TestLinks -->
