<?xml version="1.0" encoding="UTF-8"?>
<!-- Generated by org.testng.reporters.JUnitReportReporter -->
<testsuite skipped="0" hostname="Allans-MacBook-Pro.local" name="framework.test.PasswordResetValidate" tests="1" failures="0" timestamp="2020-07-04T22:20:44 PHT" time="33.824" errors="0">
  <testcase name="test" time="33.824" classname="framework.test.PasswordResetValidate"/>
  <system-out/>
</testsuite> <!-- framework.test.PasswordResetValidate -->
