<?xml version="1.0" encoding="UTF-8"?>
<!-- Generated by org.testng.reporters.JUnitReportReporter -->
<testsuite skipped="0" hostname="Allans-MacBook-Pro.local" name="framework.test.Login" tests="1" failures="0" timestamp="2020-07-04T22:11:14 PHT" time="42.106" errors="0">
  <testcase name="test" time="42.106" classname="framework.test.Login"/>
  <system-out/>
</testsuite> <!-- framework.test.Login -->
