<?xml version="1.0" encoding="UTF-8"?>
<!-- Generated by org.testng.reporters.JUnitReportReporter -->
<testsuite skipped="0" hostname="Allans-MacBook-Pro.local" name="framework.test.WrongUsername" tests="1" failures="0" timestamp="2020-07-04T22:12:12 PHT" time="8.320" errors="0">
  <testcase name="test" time="8.320" classname="framework.test.WrongUsername"/>
  <system-out/>
</testsuite> <!-- framework.test.WrongUsername -->
