<?xml version="1.0" encoding="UTF-8"?>
<!-- Generated by org.testng.reporters.JUnitReportReporter -->
<testsuite hostname="Allans-MacBook-Pro.local" failures="0" tests="1" name="framework.test.WrongPassword" time="40.042" errors="0" timestamp="4 Jul 2020 01:58:59 GMT">
  <testcase classname="framework.test.WrongPassword" name="test" time="40.042"/>
</testsuite> <!-- framework.test.WrongPassword -->
