<?xml version="1.0" encoding="UTF-8"?>
<!-- Generated by org.testng.reporters.JUnitReportReporter -->
<testsuite skipped="0" hostname="Allans-MacBook-Pro.local" name="framework.test.CreateNewUserTestPasswordDoNotMatch" tests="1" failures="0" timestamp="2020-07-04T21:50:18 PHT" time="11.094" errors="0">
  <testcase name="test" time="11.094" classname="framework.test.CreateNewUserTestPasswordDoNotMatch"/>
  <system-out/>
</testsuite> <!-- framework.test.CreateNewUserTestPasswordDoNotMatch -->
