<?xml version="1.0" encoding="UTF-8"?>
<!-- Generated by org.testng.reporters.JUnitReportReporter -->
<testsuite hostname="Allans-MacBook-Pro.local" name="framework.test.WrongUsername" tests="1" failures="0" timestamp="4 Jul 2020 11:56:37 GMT" time="9.220" errors="0">
  <testcase name="test" time="9.220" classname="framework.test.WrongUsername"/>
</testsuite> <!-- framework.test.WrongUsername -->
