<?xml version="1.0" encoding="UTF-8"?>
<!-- Generated by org.testng.reporters.JUnitReportReporter -->
<testsuite hostname="Allans-MacBook-Pro.local" name="framework.test.WrongPassword" tests="1" failures="0" timestamp="4 Jul 2020 10:01:17 GMT" time="33.245" errors="0">
  <testcase name="test" time="33.245" classname="framework.test.WrongPassword"/>
</testsuite> <!-- framework.test.WrongPassword -->
