<?xml version="1.0" encoding="UTF-8"?>
<!-- Generated by org.testng.reporters.JUnitReportReporter -->
<testsuite hostname="Allans-MacBook-Pro.local" name="framework.test.WrongUsername" tests="1" failures="0" timestamp="4 Jul 2020 11:16:48 GMT" time="11.717" errors="0">
  <testcase name="test" time="11.717" classname="framework.test.WrongUsername"/>
</testsuite> <!-- framework.test.WrongUsername -->
