<?xml version="1.0" encoding="UTF-8"?>
<!-- Generated by org.testng.reporters.JUnitReportReporter -->
<testsuite hostname="Allans-MacBook-Pro.local" failures="0" tests="1" name="framework.test.TestLinks" time="19.663" errors="0" timestamp="4 Jul 2020 02:57:23 GMT">
  <testcase classname="framework.test.TestLinks" name="test" time="19.663"/>
</testsuite> <!-- framework.test.TestLinks -->
